2020-08-14 00:28:10,806 INFO [org.springframework.test.context.support.DefaultTestContextBootstrapper] - Loaded default TestExecutionListener class names from location [META-INF/spring.factories]: [org.springframework.test.context.web.ServletTestExecutionListener, org.springframework.test.context.support.DirtiesContextBeforeModesTestExecutionListener, org.springframework.test.context.support.DependencyInjectionTestExecutionListener, org.springframework.test.context.support.DirtiesContextTestExecutionListener, org.springframework.test.context.transaction.TransactionalTestExecutionListener, org.springframework.test.context.jdbc.SqlScriptsTestExecutionListener]
2020-08-14 00:28:10,854 INFO [org.springframework.test.context.support.DefaultTestContextBootstrapper] - Using TestExecutionListeners: [org.springframework.test.context.web.ServletTestExecutionListener@55f3ddb1, org.springframework.test.context.support.DirtiesContextBeforeModesTestExecutionListener@8bd1b6a, org.springframework.test.context.support.DependencyInjectionTestExecutionListener@18be83e4, org.springframework.test.context.support.DirtiesContextTestExecutionListener@cb5822, org.springframework.test.context.transaction.TransactionalTestExecutionListener@4b9e13df, org.springframework.test.context.jdbc.SqlScriptsTestExecutionListener@2b98378d]
2020-08-14 00:28:11,050 INFO [org.springframework.beans.factory.xml.XmlBeanDefinitionReader] - Loading XML bean definitions from class path resource [spring-context.xml]
2020-08-14 00:28:11,598 INFO [org.springframework.beans.factory.xml.XmlBeanDefinitionReader] - Loading XML bean definitions from class path resource [spring-context-druid.xml]
2020-08-14 00:28:11,679 INFO [org.springframework.beans.factory.xml.XmlBeanDefinitionReader] - Loading XML bean definitions from class path resource [spring-context-mybatis.xml]
2020-08-14 00:28:11,718 INFO [org.springframework.context.support.GenericApplicationContext] - Refreshing org.springframework.context.support.GenericApplicationContext@192b07fd: startup date [Fri Aug 14 00:28:11 CST 2020]; root of context hierarchy
2020-08-14 00:28:13,200 INFO [com.alibaba.druid.pool.DruidDataSource] - {dataSource-1} inited
2020-08-14 00:28:13,989 INFO [org.springframework.context.support.GenericApplicationContext] - Closing org.springframework.context.support.GenericApplicationContext@192b07fd: startup date [Fri Aug 14 00:28:11 CST 2020]; root of context hierarchy
2020-08-14 00:28:14,000 INFO [com.alibaba.druid.pool.DruidDataSource] - {dataSource-1} closed
2020-08-14 00:29:27,834 INFO [org.springframework.test.context.support.DefaultTestContextBootstrapper] - Loaded default TestExecutionListener class names from location [META-INF/spring.factories]: [org.springframework.test.context.web.ServletTestExecutionListener, org.springframework.test.context.support.DirtiesContextBeforeModesTestExecutionListener, org.springframework.test.context.support.DependencyInjectionTestExecutionListener, org.springframework.test.context.support.DirtiesContextTestExecutionListener, org.springframework.test.context.transaction.TransactionalTestExecutionListener, org.springframework.test.context.jdbc.SqlScriptsTestExecutionListener]
2020-08-14 00:29:27,852 INFO [org.springframework.test.context.support.DefaultTestContextBootstrapper] - Using TestExecutionListeners: [org.springframework.test.context.web.ServletTestExecutionListener@55f3ddb1, org.springframework.test.context.support.DirtiesContextBeforeModesTestExecutionListener@8bd1b6a, org.springframework.test.context.support.DependencyInjectionTestExecutionListener@18be83e4, org.springframework.test.context.support.DirtiesContextTestExecutionListener@cb5822, org.springframework.test.context.transaction.TransactionalTestExecutionListener@4b9e13df, org.springframework.test.context.jdbc.SqlScriptsTestExecutionListener@2b98378d]
2020-08-14 00:29:27,920 INFO [org.springframework.beans.factory.xml.XmlBeanDefinitionReader] - Loading XML bean definitions from class path resource [spring-context.xml]
2020-08-14 00:29:28,089 INFO [org.springframework.beans.factory.xml.XmlBeanDefinitionReader] - Loading XML bean definitions from class path resource [spring-context-druid.xml]
2020-08-14 00:29:28,125 INFO [org.springframework.beans.factory.xml.XmlBeanDefinitionReader] - Loading XML bean definitions from class path resource [spring-context-mybatis.xml]
2020-08-14 00:29:28,140 INFO [org.springframework.context.support.GenericApplicationContext] - Refreshing org.springframework.context.support.GenericApplicationContext@192b07fd: startup date [Fri Aug 14 00:29:28 CST 2020]; root of context hierarchy
2020-08-14 00:29:28,843 INFO [com.alibaba.druid.pool.DruidDataSource] - {dataSource-1} inited
2020-08-14 00:29:29,221 INFO [org.springframework.context.support.GenericApplicationContext] - Closing org.springframework.context.support.GenericApplicationContext@192b07fd: startup date [Fri Aug 14 00:29:28 CST 2020]; root of context hierarchy
2020-08-14 00:29:29,224 INFO [com.alibaba.druid.pool.DruidDataSource] - {dataSource-1} closed
2020-08-14 00:33:41,816 INFO [org.springframework.test.context.support.DefaultTestContextBootstrapper] - Loaded default TestExecutionListener class names from location [META-INF/spring.factories]: [org.springframework.test.context.web.ServletTestExecutionListener, org.springframework.test.context.support.DirtiesContextBeforeModesTestExecutionListener, org.springframework.test.context.support.DependencyInjectionTestExecutionListener, org.springframework.test.context.support.DirtiesContextTestExecutionListener, org.springframework.test.context.transaction.TransactionalTestExecutionListener, org.springframework.test.context.jdbc.SqlScriptsTestExecutionListener]
2020-08-14 00:33:41,831 INFO [org.springframework.test.context.support.DefaultTestContextBootstrapper] - Using TestExecutionListeners: [org.springframework.test.context.web.ServletTestExecutionListener@55f3ddb1, org.springframework.test.context.support.DirtiesContextBeforeModesTestExecutionListener@8bd1b6a, org.springframework.test.context.support.DependencyInjectionTestExecutionListener@18be83e4, org.springframework.test.context.support.DirtiesContextTestExecutionListener@cb5822, org.springframework.test.context.transaction.TransactionalTestExecutionListener@4b9e13df, org.springframework.test.context.jdbc.SqlScriptsTestExecutionListener@2b98378d]
2020-08-14 00:33:41,898 INFO [org.springframework.beans.factory.xml.XmlBeanDefinitionReader] - Loading XML bean definitions from class path resource [spring-context.xml]
2020-08-14 00:33:42,074 INFO [org.springframework.beans.factory.xml.XmlBeanDefinitionReader] - Loading XML bean definitions from class path resource [spring-context-druid.xml]
2020-08-14 00:33:42,101 INFO [org.springframework.beans.factory.xml.XmlBeanDefinitionReader] - Loading XML bean definitions from class path resource [spring-context-mybatis.xml]
2020-08-14 00:33:42,123 INFO [org.springframework.context.support.GenericApplicationContext] - Refreshing org.springframework.context.support.GenericApplicationContext@192b07fd: startup date [Fri Aug 14 00:33:42 CST 2020]; root of context hierarchy
2020-08-14 00:33:42,824 INFO [com.alibaba.druid.pool.DruidDataSource] - {dataSource-1} inited
2020-08-14 00:33:43,196 INFO [org.springframework.context.support.GenericApplicationContext] - Closing org.springframework.context.support.GenericApplicationContext@192b07fd: startup date [Fri Aug 14 00:33:42 CST 2020]; root of context hierarchy
2020-08-14 00:33:43,199 INFO [com.alibaba.druid.pool.DruidDataSource] - {dataSource-1} closed
2020-08-14 00:35:50,028 INFO [org.springframework.test.context.support.DefaultTestContextBootstrapper] - Loaded default TestExecutionListener class names from location [META-INF/spring.factories]: [org.springframework.test.context.web.ServletTestExecutionListener, org.springframework.test.context.support.DirtiesContextBeforeModesTestExecutionListener, org.springframework.test.context.support.DependencyInjectionTestExecutionListener, org.springframework.test.context.support.DirtiesContextTestExecutionListener, org.springframework.test.context.transaction.TransactionalTestExecutionListener, org.springframework.test.context.jdbc.SqlScriptsTestExecutionListener]
2020-08-14 00:35:50,042 INFO [org.springframework.test.context.support.DefaultTestContextBootstrapper] - Using TestExecutionListeners: [org.springframework.test.context.web.ServletTestExecutionListener@55f3ddb1, org.springframework.test.context.support.DirtiesContextBeforeModesTestExecutionListener@8bd1b6a, org.springframework.test.context.support.DependencyInjectionTestExecutionListener@18be83e4, org.springframework.test.context.support.DirtiesContextTestExecutionListener@cb5822, org.springframework.test.context.transaction.TransactionalTestExecutionListener@4b9e13df, org.springframework.test.context.jdbc.SqlScriptsTestExecutionListener@2b98378d]
2020-08-14 00:35:50,108 INFO [org.springframework.beans.factory.xml.XmlBeanDefinitionReader] - Loading XML bean definitions from class path resource [spring-context.xml]
2020-08-14 00:35:50,271 INFO [org.springframework.beans.factory.xml.XmlBeanDefinitionReader] - Loading XML bean definitions from class path resource [spring-context-druid.xml]
2020-08-14 00:35:50,299 INFO [org.springframework.beans.factory.xml.XmlBeanDefinitionReader] - Loading XML bean definitions from class path resource [spring-context-mybatis.xml]
2020-08-14 00:35:50,315 INFO [org.springframework.context.support.GenericApplicationContext] - Refreshing org.springframework.context.support.GenericApplicationContext@192b07fd: startup date [Fri Aug 14 00:35:50 CST 2020]; root of context hierarchy
2020-08-14 00:35:51,016 INFO [com.alibaba.druid.pool.DruidDataSource] - {dataSource-1} inited
2020-08-14 00:35:51,285 INFO [org.springframework.context.support.GenericApplicationContext] - Closing org.springframework.context.support.GenericApplicationContext@192b07fd: startup date [Fri Aug 14 00:35:50 CST 2020]; root of context hierarchy
2020-08-14 00:35:51,288 INFO [com.alibaba.druid.pool.DruidDataSource] - {dataSource-1} closed
2020-08-14 00:41:39,321 INFO [org.springframework.test.context.support.DefaultTestContextBootstrapper] - Loaded default TestExecutionListener class names from location [META-INF/spring.factories]: [org.springframework.test.context.web.ServletTestExecutionListener, org.springframework.test.context.support.DirtiesContextBeforeModesTestExecutionListener, org.springframework.test.context.support.DependencyInjectionTestExecutionListener, org.springframework.test.context.support.DirtiesContextTestExecutionListener, org.springframework.test.context.transaction.TransactionalTestExecutionListener, org.springframework.test.context.jdbc.SqlScriptsTestExecutionListener]
2020-08-14 00:41:39,371 INFO [org.springframework.test.context.support.DefaultTestContextBootstrapper] - Using TestExecutionListeners: [org.springframework.test.context.web.ServletTestExecutionListener@55f3ddb1, org.springframework.test.context.support.DirtiesContextBeforeModesTestExecutionListener@8bd1b6a, org.springframework.test.context.support.DependencyInjectionTestExecutionListener@18be83e4, org.springframework.test.context.support.DirtiesContextTestExecutionListener@cb5822, org.springframework.test.context.transaction.TransactionalTestExecutionListener@4b9e13df, org.springframework.test.context.jdbc.SqlScriptsTestExecutionListener@2b98378d]
2020-08-14 00:41:39,510 INFO [org.springframework.beans.factory.xml.XmlBeanDefinitionReader] - Loading XML bean definitions from class path resource [spring-context.xml]
2020-08-14 00:41:40,011 INFO [org.springframework.beans.factory.xml.XmlBeanDefinitionReader] - Loading XML bean definitions from class path resource [spring-context-druid.xml]
2020-08-14 00:41:40,092 INFO [org.springframework.beans.factory.xml.XmlBeanDefinitionReader] - Loading XML bean definitions from class path resource [spring-context-mybatis.xml]
2020-08-14 00:41:40,134 INFO [org.springframework.context.support.GenericApplicationContext] - Refreshing org.springframework.context.support.GenericApplicationContext@192b07fd: startup date [Fri Aug 14 00:41:40 CST 2020]; root of context hierarchy
2020-08-14 00:41:41,447 INFO [com.alibaba.druid.pool.DruidDataSource] - {dataSource-1} inited
2020-08-14 00:41:42,233 INFO [org.springframework.context.support.GenericApplicationContext] - Closing org.springframework.context.support.GenericApplicationContext@192b07fd: startup date [Fri Aug 14 00:41:40 CST 2020]; root of context hierarchy
2020-08-14 00:41:42,240 INFO [com.alibaba.druid.pool.DruidDataSource] - {dataSource-1} closed
2020-08-14 11:19:06,423 INFO [org.springframework.test.context.support.DefaultTestContextBootstrapper] - Loaded default TestExecutionListener class names from location [META-INF/spring.factories]: [org.springframework.test.context.web.ServletTestExecutionListener, org.springframework.test.context.support.DirtiesContextBeforeModesTestExecutionListener, org.springframework.test.context.support.DependencyInjectionTestExecutionListener, org.springframework.test.context.support.DirtiesContextTestExecutionListener, org.springframework.test.context.transaction.TransactionalTestExecutionListener, org.springframework.test.context.jdbc.SqlScriptsTestExecutionListener]
2020-08-14 11:19:06,446 INFO [org.springframework.test.context.support.DefaultTestContextBootstrapper] - Using TestExecutionListeners: [org.springframework.test.context.web.ServletTestExecutionListener@55f3ddb1, org.springframework.test.context.support.DirtiesContextBeforeModesTestExecutionListener@8bd1b6a, org.springframework.test.context.support.DependencyInjectionTestExecutionListener@18be83e4, org.springframework.test.context.support.DirtiesContextTestExecutionListener@cb5822, org.springframework.test.context.transaction.TransactionalTestExecutionListener@4b9e13df, org.springframework.test.context.jdbc.SqlScriptsTestExecutionListener@2b98378d]
2020-08-14 11:19:06,574 INFO [org.springframework.beans.factory.xml.XmlBeanDefinitionReader] - Loading XML bean definitions from class path resource [spring-context.xml]
2020-08-14 11:19:06,984 INFO [org.springframework.beans.factory.xml.XmlBeanDefinitionReader] - Loading XML bean definitions from class path resource [spring-context-druid.xml]
2020-08-14 11:19:07,053 INFO [org.springframework.beans.factory.xml.XmlBeanDefinitionReader] - Loading XML bean definitions from class path resource [spring-context-mybatis.xml]
2020-08-14 11:19:07,092 INFO [org.springframework.context.support.GenericApplicationContext] - Refreshing org.springframework.context.support.GenericApplicationContext@192b07fd: startup date [Fri Aug 14 11:19:07 CST 2020]; root of context hierarchy
2020-08-14 11:19:07,806 INFO [com.alibaba.druid.pool.DruidDataSource] - {dataSource-1} inited
2020-08-14 11:19:08,194 INFO [org.springframework.context.support.GenericApplicationContext] - Closing org.springframework.context.support.GenericApplicationContext@192b07fd: startup date [Fri Aug 14 11:19:07 CST 2020]; root of context hierarchy
2020-08-14 11:19:08,198 INFO [com.alibaba.druid.pool.DruidDataSource] - {dataSource-1} closed
2020-08-14 11:19:21,960 INFO [org.springframework.test.context.support.DefaultTestContextBootstrapper] - Loaded default TestExecutionListener class names from location [META-INF/spring.factories]: [org.springframework.test.context.web.ServletTestExecutionListener, org.springframework.test.context.support.DirtiesContextBeforeModesTestExecutionListener, org.springframework.test.context.support.DependencyInjectionTestExecutionListener, org.springframework.test.context.support.DirtiesContextTestExecutionListener, org.springframework.test.context.transaction.TransactionalTestExecutionListener, org.springframework.test.context.jdbc.SqlScriptsTestExecutionListener]
2020-08-14 11:19:21,975 INFO [org.springframework.test.context.support.DefaultTestContextBootstrapper] - Using TestExecutionListeners: [org.springframework.test.context.web.ServletTestExecutionListener@55f3ddb1, org.springframework.test.context.support.DirtiesContextBeforeModesTestExecutionListener@8bd1b6a, org.springframework.test.context.support.DependencyInjectionTestExecutionListener@18be83e4, org.springframework.test.context.support.DirtiesContextTestExecutionListener@cb5822, org.springframework.test.context.transaction.TransactionalTestExecutionListener@4b9e13df, org.springframework.test.context.jdbc.SqlScriptsTestExecutionListener@2b98378d]
2020-08-14 11:19:22,044 INFO [org.springframework.beans.factory.xml.XmlBeanDefinitionReader] - Loading XML bean definitions from class path resource [spring-context.xml]
2020-08-14 11:19:22,251 INFO [org.springframework.beans.factory.xml.XmlBeanDefinitionReader] - Loading XML bean definitions from class path resource [spring-context-druid.xml]
2020-08-14 11:19:22,289 INFO [org.springframework.beans.factory.xml.XmlBeanDefinitionReader] - Loading XML bean definitions from class path resource [spring-context-mybatis.xml]
2020-08-14 11:19:22,307 INFO [org.springframework.context.support.GenericApplicationContext] - Refreshing org.springframework.context.support.GenericApplicationContext@192b07fd: startup date [Fri Aug 14 11:19:22 CST 2020]; root of context hierarchy
2020-08-14 11:19:23,092 INFO [com.alibaba.druid.pool.DruidDataSource] - {dataSource-1} inited
2020-08-14 11:19:23,480 INFO [org.springframework.context.support.GenericApplicationContext] - Closing org.springframework.context.support.GenericApplicationContext@192b07fd: startup date [Fri Aug 14 11:19:22 CST 2020]; root of context hierarchy
2020-08-14 11:19:23,483 INFO [com.alibaba.druid.pool.DruidDataSource] - {dataSource-1} closed
2020-08-14 11:33:37,393 INFO [org.springframework.test.context.support.DefaultTestContextBootstrapper] - Loaded default TestExecutionListener class names from location [META-INF/spring.factories]: [org.springframework.test.context.web.ServletTestExecutionListener, org.springframework.test.context.support.DirtiesContextBeforeModesTestExecutionListener, org.springframework.test.context.support.DependencyInjectionTestExecutionListener, org.springframework.test.context.support.DirtiesContextTestExecutionListener, org.springframework.test.context.transaction.TransactionalTestExecutionListener, org.springframework.test.context.jdbc.SqlScriptsTestExecutionListener]
2020-08-14 11:33:37,412 INFO [org.springframework.test.context.support.DefaultTestContextBootstrapper] - Using TestExecutionListeners: [org.springframework.test.context.web.ServletTestExecutionListener@55f3ddb1, org.springframework.test.context.support.DirtiesContextBeforeModesTestExecutionListener@8bd1b6a, org.springframework.test.context.support.DependencyInjectionTestExecutionListener@18be83e4, org.springframework.test.context.support.DirtiesContextTestExecutionListener@cb5822, org.springframework.test.context.transaction.TransactionalTestExecutionListener@4b9e13df, org.springframework.test.context.jdbc.SqlScriptsTestExecutionListener@2b98378d]
2020-08-14 11:33:37,490 INFO [org.springframework.beans.factory.xml.XmlBeanDefinitionReader] - Loading XML bean definitions from class path resource [spring-context.xml]
2020-08-14 11:33:37,748 INFO [org.springframework.beans.factory.xml.XmlBeanDefinitionReader] - Loading XML bean definitions from class path resource [spring-context-druid.xml]
2020-08-14 11:33:37,785 INFO [org.springframework.beans.factory.xml.XmlBeanDefinitionReader] - Loading XML bean definitions from class path resource [spring-context-mybatis.xml]
2020-08-14 11:33:37,806 INFO [org.springframework.context.support.GenericApplicationContext] - Refreshing org.springframework.context.support.GenericApplicationContext@192b07fd: startup date [Fri Aug 14 11:33:37 CST 2020]; root of context hierarchy
2020-08-14 11:33:38,620 INFO [com.alibaba.druid.pool.DruidDataSource] - {dataSource-1} inited
2020-08-14 11:33:38,990 INFO [org.springframework.context.support.GenericApplicationContext] - Closing org.springframework.context.support.GenericApplicationContext@192b07fd: startup date [Fri Aug 14 11:33:37 CST 2020]; root of context hierarchy
2020-08-14 11:33:38,993 INFO [com.alibaba.druid.pool.DruidDataSource] - {dataSource-1} closed
2020-08-14 11:34:18,569 INFO [org.springframework.test.context.support.DefaultTestContextBootstrapper] - Loaded default TestExecutionListener class names from location [META-INF/spring.factories]: [org.springframework.test.context.web.ServletTestExecutionListener, org.springframework.test.context.support.DirtiesContextBeforeModesTestExecutionListener, org.springframework.test.context.support.DependencyInjectionTestExecutionListener, org.springframework.test.context.support.DirtiesContextTestExecutionListener, org.springframework.test.context.transaction.TransactionalTestExecutionListener, org.springframework.test.context.jdbc.SqlScriptsTestExecutionListener]
2020-08-14 11:34:18,583 INFO [org.springframework.test.context.support.DefaultTestContextBootstrapper] - Using TestExecutionListeners: [org.springframework.test.context.web.ServletTestExecutionListener@55f3ddb1, org.springframework.test.context.support.DirtiesContextBeforeModesTestExecutionListener@8bd1b6a, org.springframework.test.context.support.DependencyInjectionTestExecutionListener@18be83e4, org.springframework.test.context.support.DirtiesContextTestExecutionListener@cb5822, org.springframework.test.context.transaction.TransactionalTestExecutionListener@4b9e13df, org.springframework.test.context.jdbc.SqlScriptsTestExecutionListener@2b98378d]
2020-08-14 11:34:18,658 INFO [org.springframework.beans.factory.xml.XmlBeanDefinitionReader] - Loading XML bean definitions from class path resource [spring-context.xml]
2020-08-14 11:34:18,861 INFO [org.springframework.beans.factory.xml.XmlBeanDefinitionReader] - Loading XML bean definitions from class path resource [spring-context-druid.xml]
2020-08-14 11:34:18,898 INFO [org.springframework.beans.factory.xml.XmlBeanDefinitionReader] - Loading XML bean definitions from class path resource [spring-context-mybatis.xml]
2020-08-14 11:34:18,921 INFO [org.springframework.context.support.GenericApplicationContext] - Refreshing org.springframework.context.support.GenericApplicationContext@192b07fd: startup date [Fri Aug 14 11:34:18 CST 2020]; root of context hierarchy
2020-08-14 11:34:19,721 INFO [com.alibaba.druid.pool.DruidDataSource] - {dataSource-1} inited
2020-08-14 11:34:20,144 INFO [org.springframework.context.support.GenericApplicationContext] - Closing org.springframework.context.support.GenericApplicationContext@192b07fd: startup date [Fri Aug 14 11:34:18 CST 2020]; root of context hierarchy
2020-08-14 11:34:20,147 INFO [com.alibaba.druid.pool.DruidDataSource] - {dataSource-1} closed
2020-08-14 15:03:58,864 INFO [org.springframework.test.context.support.DefaultTestContextBootstrapper] - Loaded default TestExecutionListener class names from location [META-INF/spring.factories]: [org.springframework.test.context.web.ServletTestExecutionListener, org.springframework.test.context.support.DirtiesContextBeforeModesTestExecutionListener, org.springframework.test.context.support.DependencyInjectionTestExecutionListener, org.springframework.test.context.support.DirtiesContextTestExecutionListener, org.springframework.test.context.transaction.TransactionalTestExecutionListener, org.springframework.test.context.jdbc.SqlScriptsTestExecutionListener]
2020-08-14 15:03:58,889 INFO [org.springframework.test.context.support.DefaultTestContextBootstrapper] - Using TestExecutionListeners: [org.springframework.test.context.web.ServletTestExecutionListener@55f3ddb1, org.springframework.test.context.support.DirtiesContextBeforeModesTestExecutionListener@8bd1b6a, org.springframework.test.context.support.DependencyInjectionTestExecutionListener@18be83e4, org.springframework.test.context.support.DirtiesContextTestExecutionListener@cb5822, org.springframework.test.context.transaction.TransactionalTestExecutionListener@4b9e13df, org.springframework.test.context.jdbc.SqlScriptsTestExecutionListener@2b98378d]
2020-08-14 15:03:58,971 INFO [org.springframework.beans.factory.xml.XmlBeanDefinitionReader] - Loading XML bean definitions from class path resource [spring-context.xml]
2020-08-14 15:03:59,293 INFO [org.springframework.beans.factory.xml.XmlBeanDefinitionReader] - Loading XML bean definitions from class path resource [spring-context-druid.xml]
2020-08-14 15:03:59,353 INFO [org.springframework.beans.factory.xml.XmlBeanDefinitionReader] - Loading XML bean definitions from class path resource [spring-context-mybatis.xml]
2020-08-14 15:03:59,381 INFO [org.springframework.context.support.GenericApplicationContext] - Refreshing org.springframework.context.support.GenericApplicationContext@192b07fd: startup date [Fri Aug 14 15:03:59 CST 2020]; root of context hierarchy
2020-08-14 15:04:00,139 INFO [com.alibaba.druid.pool.DruidDataSource] - {dataSource-1} inited
2020-08-14 15:04:00,445 INFO [org.springframework.context.support.GenericApplicationContext] - Closing org.springframework.context.support.GenericApplicationContext@192b07fd: startup date [Fri Aug 14 15:03:59 CST 2020]; root of context hierarchy
2020-08-14 15:04:00,448 INFO [com.alibaba.druid.pool.DruidDataSource] - {dataSource-1} closed
2020-08-14 15:06:35,391 INFO [org.springframework.test.context.support.DefaultTestContextBootstrapper] - Loaded default TestExecutionListener class names from location [META-INF/spring.factories]: [org.springframework.test.context.web.ServletTestExecutionListener, org.springframework.test.context.support.DirtiesContextBeforeModesTestExecutionListener, org.springframework.test.context.support.DependencyInjectionTestExecutionListener, org.springframework.test.context.support.DirtiesContextTestExecutionListener, org.springframework.test.context.transaction.TransactionalTestExecutionListener, org.springframework.test.context.jdbc.SqlScriptsTestExecutionListener]
2020-08-14 15:06:35,403 INFO [org.springframework.test.context.support.DefaultTestContextBootstrapper] - Using TestExecutionListeners: [org.springframework.test.context.web.ServletTestExecutionListener@55f3ddb1, org.springframework.test.context.support.DirtiesContextBeforeModesTestExecutionListener@8bd1b6a, org.springframework.test.context.support.DependencyInjectionTestExecutionListener@18be83e4, org.springframework.test.context.support.DirtiesContextTestExecutionListener@cb5822, org.springframework.test.context.transaction.TransactionalTestExecutionListener@4b9e13df, org.springframework.test.context.jdbc.SqlScriptsTestExecutionListener@2b98378d]
2020-08-14 15:06:35,464 INFO [org.springframework.beans.factory.xml.XmlBeanDefinitionReader] - Loading XML bean definitions from class path resource [spring-context.xml]
2020-08-14 15:06:35,627 INFO [org.springframework.beans.factory.xml.XmlBeanDefinitionReader] - Loading XML bean definitions from class path resource [spring-context-druid.xml]
2020-08-14 15:06:35,653 INFO [org.springframework.beans.factory.xml.XmlBeanDefinitionReader] - Loading XML bean definitions from class path resource [spring-context-mybatis.xml]
2020-08-14 15:06:35,671 INFO [org.springframework.context.support.GenericApplicationContext] - Refreshing org.springframework.context.support.GenericApplicationContext@192b07fd: startup date [Fri Aug 14 15:06:35 CST 2020]; root of context hierarchy
2020-08-14 15:06:36,338 INFO [com.alibaba.druid.pool.DruidDataSource] - {dataSource-1} inited
2020-08-14 15:06:36,635 INFO [org.springframework.context.support.GenericApplicationContext] - Closing org.springframework.context.support.GenericApplicationContext@192b07fd: startup date [Fri Aug 14 15:06:35 CST 2020]; root of context hierarchy
2020-08-14 15:06:36,639 INFO [com.alibaba.druid.pool.DruidDataSource] - {dataSource-1} closed
2020-08-14 15:08:24,646 INFO [org.springframework.test.context.support.DefaultTestContextBootstrapper] - Loaded default TestExecutionListener class names from location [META-INF/spring.factories]: [org.springframework.test.context.web.ServletTestExecutionListener, org.springframework.test.context.support.DirtiesContextBeforeModesTestExecutionListener, org.springframework.test.context.support.DependencyInjectionTestExecutionListener, org.springframework.test.context.support.DirtiesContextTestExecutionListener, org.springframework.test.context.transaction.TransactionalTestExecutionListener, org.springframework.test.context.jdbc.SqlScriptsTestExecutionListener]
2020-08-14 15:08:24,667 INFO [org.springframework.test.context.support.DefaultTestContextBootstrapper] - Using TestExecutionListeners: [org.springframework.test.context.web.ServletTestExecutionListener@3c72f59f, org.springframework.test.context.support.DirtiesContextBeforeModesTestExecutionListener@60dcc9fe, org.springframework.test.context.support.DependencyInjectionTestExecutionListener@222114ba, org.springframework.test.context.support.DirtiesContextTestExecutionListener@16e7dcfd, org.springframework.test.context.transaction.TransactionalTestExecutionListener@3d121db3, org.springframework.test.context.jdbc.SqlScriptsTestExecutionListener@3b07a0d6]
2020-08-14 15:08:24,771 INFO [org.springframework.beans.factory.xml.XmlBeanDefinitionReader] - Loading XML bean definitions from class path resource [spring-context.xml]
2020-08-14 15:08:24,986 INFO [org.springframework.beans.factory.xml.XmlBeanDefinitionReader] - Loading XML bean definitions from class path resource [spring-context-druid.xml]
2020-08-14 15:08:25,019 INFO [org.springframework.beans.factory.xml.XmlBeanDefinitionReader] - Loading XML bean definitions from class path resource [spring-context-mybatis.xml]
2020-08-14 15:08:25,038 INFO [org.springframework.context.support.GenericApplicationContext] - Refreshing org.springframework.context.support.GenericApplicationContext@30ee2816: startup date [Fri Aug 14 15:08:25 CST 2020]; root of context hierarchy
2020-08-14 15:08:25,625 INFO [com.alibaba.druid.pool.DruidDataSource] - {dataSource-1} inited
2020-08-14 15:09:25,500 INFO [org.springframework.context.support.GenericApplicationContext] - Closing org.springframework.context.support.GenericApplicationContext@30ee2816: startup date [Fri Aug 14 15:08:25 CST 2020]; root of context hierarchy
2020-08-14 15:09:25,504 INFO [com.alibaba.druid.pool.DruidDataSource] - {dataSource-1} closed
2020-08-14 15:09:27,093 INFO [org.springframework.test.context.support.DefaultTestContextBootstrapper] - Loaded default TestExecutionListener class names from location [META-INF/spring.factories]: [org.springframework.test.context.web.ServletTestExecutionListener, org.springframework.test.context.support.DirtiesContextBeforeModesTestExecutionListener, org.springframework.test.context.support.DependencyInjectionTestExecutionListener, org.springframework.test.context.support.DirtiesContextTestExecutionListener, org.springframework.test.context.transaction.TransactionalTestExecutionListener, org.springframework.test.context.jdbc.SqlScriptsTestExecutionListener]
2020-08-14 15:09:27,107 INFO [org.springframework.test.context.support.DefaultTestContextBootstrapper] - Using TestExecutionListeners: [org.springframework.test.context.web.ServletTestExecutionListener@55f3ddb1, org.springframework.test.context.support.DirtiesContextBeforeModesTestExecutionListener@8bd1b6a, org.springframework.test.context.support.DependencyInjectionTestExecutionListener@18be83e4, org.springframework.test.context.support.DirtiesContextTestExecutionListener@cb5822, org.springframework.test.context.transaction.TransactionalTestExecutionListener@4b9e13df, org.springframework.test.context.jdbc.SqlScriptsTestExecutionListener@2b98378d]
2020-08-14 15:09:27,173 INFO [org.springframework.beans.factory.xml.XmlBeanDefinitionReader] - Loading XML bean definitions from class path resource [spring-context.xml]
2020-08-14 15:09:27,340 INFO [org.springframework.beans.factory.xml.XmlBeanDefinitionReader] - Loading XML bean definitions from class path resource [spring-context-druid.xml]
2020-08-14 15:09:27,365 INFO [org.springframework.beans.factory.xml.XmlBeanDefinitionReader] - Loading XML bean definitions from class path resource [spring-context-mybatis.xml]
2020-08-14 15:09:27,379 INFO [org.springframework.context.support.GenericApplicationContext] - Refreshing org.springframework.context.support.GenericApplicationContext@192b07fd: startup date [Fri Aug 14 15:09:27 CST 2020]; root of context hierarchy
2020-08-14 15:09:28,062 INFO [com.alibaba.druid.pool.DruidDataSource] - {dataSource-1} inited
2020-08-14 15:09:28,384 INFO [org.springframework.context.support.GenericApplicationContext] - Closing org.springframework.context.support.GenericApplicationContext@192b07fd: startup date [Fri Aug 14 15:09:27 CST 2020]; root of context hierarchy
2020-08-14 15:09:28,388 INFO [com.alibaba.druid.pool.DruidDataSource] - {dataSource-1} closed
2020-08-14 15:24:57,316 INFO [org.springframework.test.context.support.DefaultTestContextBootstrapper] - Loaded default TestExecutionListener class names from location [META-INF/spring.factories]: [org.springframework.test.context.web.ServletTestExecutionListener, org.springframework.test.context.support.DirtiesContextBeforeModesTestExecutionListener, org.springframework.test.context.support.DependencyInjectionTestExecutionListener, org.springframework.test.context.support.DirtiesContextTestExecutionListener, org.springframework.test.context.transaction.TransactionalTestExecutionListener, org.springframework.test.context.jdbc.SqlScriptsTestExecutionListener]
2020-08-14 15:24:57,329 INFO [org.springframework.test.context.support.DefaultTestContextBootstrapper] - Using TestExecutionListeners: [org.springframework.test.context.web.ServletTestExecutionListener@55f3ddb1, org.springframework.test.context.support.DirtiesContextBeforeModesTestExecutionListener@8bd1b6a, org.springframework.test.context.support.DependencyInjectionTestExecutionListener@18be83e4, org.springframework.test.context.support.DirtiesContextTestExecutionListener@cb5822, org.springframework.test.context.transaction.TransactionalTestExecutionListener@4b9e13df, org.springframework.test.context.jdbc.SqlScriptsTestExecutionListener@2b98378d]
2020-08-14 15:24:57,395 INFO [org.springframework.beans.factory.xml.XmlBeanDefinitionReader] - Loading XML bean definitions from class path resource [spring-context.xml]
2020-08-14 15:24:57,571 INFO [org.springframework.beans.factory.xml.XmlBeanDefinitionReader] - Loading XML bean definitions from class path resource [spring-context-druid.xml]
2020-08-14 15:24:57,602 INFO [org.springframework.beans.factory.xml.XmlBeanDefinitionReader] - Loading XML bean definitions from class path resource [spring-context-mybatis.xml]
2020-08-14 15:24:57,622 INFO [org.springframework.context.support.GenericApplicationContext] - Refreshing org.springframework.context.support.GenericApplicationContext@192b07fd: startup date [Fri Aug 14 15:24:57 CST 2020]; root of context hierarchy
2020-08-14 15:24:58,320 INFO [com.alibaba.druid.pool.DruidDataSource] - {dataSource-1} inited
2020-08-14 15:24:58,583 INFO [org.springframework.context.support.GenericApplicationContext] - Closing org.springframework.context.support.GenericApplicationContext@192b07fd: startup date [Fri Aug 14 15:24:57 CST 2020]; root of context hierarchy
2020-08-14 15:24:58,587 INFO [com.alibaba.druid.pool.DruidDataSource] - {dataSource-1} closed
2020-08-14 15:25:14,702 INFO [org.springframework.test.context.support.DefaultTestContextBootstrapper] - Loaded default TestExecutionListener class names from location [META-INF/spring.factories]: [org.springframework.test.context.web.ServletTestExecutionListener, org.springframework.test.context.support.DirtiesContextBeforeModesTestExecutionListener, org.springframework.test.context.support.DependencyInjectionTestExecutionListener, org.springframework.test.context.support.DirtiesContextTestExecutionListener, org.springframework.test.context.transaction.TransactionalTestExecutionListener, org.springframework.test.context.jdbc.SqlScriptsTestExecutionListener]
2020-08-14 15:25:14,715 INFO [org.springframework.test.context.support.DefaultTestContextBootstrapper] - Using TestExecutionListeners: [org.springframework.test.context.web.ServletTestExecutionListener@55f3ddb1, org.springframework.test.context.support.DirtiesContextBeforeModesTestExecutionListener@8bd1b6a, org.springframework.test.context.support.DependencyInjectionTestExecutionListener@18be83e4, org.springframework.test.context.support.DirtiesContextTestExecutionListener@cb5822, org.springframework.test.context.transaction.TransactionalTestExecutionListener@4b9e13df, org.springframework.test.context.jdbc.SqlScriptsTestExecutionListener@2b98378d]
2020-08-14 15:25:14,775 INFO [org.springframework.beans.factory.xml.XmlBeanDefinitionReader] - Loading XML bean definitions from class path resource [spring-context.xml]
2020-08-14 15:25:14,932 INFO [org.springframework.beans.factory.xml.XmlBeanDefinitionReader] - Loading XML bean definitions from class path resource [spring-context-druid.xml]
2020-08-14 15:25:14,961 INFO [org.springframework.beans.factory.xml.XmlBeanDefinitionReader] - Loading XML bean definitions from class path resource [spring-context-mybatis.xml]
2020-08-14 15:25:14,978 INFO [org.springframework.context.support.GenericApplicationContext] - Refreshing org.springframework.context.support.GenericApplicationContext@192b07fd: startup date [Fri Aug 14 15:25:14 CST 2020]; root of context hierarchy
2020-08-14 15:25:15,610 INFO [com.alibaba.druid.pool.DruidDataSource] - {dataSource-1} inited
2020-08-14 15:25:15,912 INFO [org.springframework.beans.factory.xml.XmlBeanDefinitionReader] - Loading XML bean definitions from class path resource [org/springframework/jdbc/support/sql-error-codes.xml]
2020-08-14 15:25:15,931 INFO [org.springframework.jdbc.support.SQLErrorCodesFactory] - SQLErrorCodes loaded: [DB2, Derby, H2, HDB, HSQL, Informix, MS-SQL, MySQL, Oracle, PostgreSQL, Sybase]
2020-08-14 15:25:15,944 INFO [org.springframework.context.support.GenericApplicationContext] - Closing org.springframework.context.support.GenericApplicationContext@192b07fd: startup date [Fri Aug 14 15:25:14 CST 2020]; root of context hierarchy
2020-08-14 15:25:15,948 INFO [com.alibaba.druid.pool.DruidDataSource] - {dataSource-1} closed
2020-08-14 15:26:53,459 INFO [org.springframework.test.context.support.DefaultTestContextBootstrapper] - Loaded default TestExecutionListener class names from location [META-INF/spring.factories]: [org.springframework.test.context.web.ServletTestExecutionListener, org.springframework.test.context.support.DirtiesContextBeforeModesTestExecutionListener, org.springframework.test.context.support.DependencyInjectionTestExecutionListener, org.springframework.test.context.support.DirtiesContextTestExecutionListener, org.springframework.test.context.transaction.TransactionalTestExecutionListener, org.springframework.test.context.jdbc.SqlScriptsTestExecutionListener]
2020-08-14 15:26:53,462 INFO [org.springframework.test.context.support.DefaultTestContextBootstrapper] - Using TestExecutionListeners: [org.springframework.test.context.web.ServletTestExecutionListener@55f3ddb1, org.springframework.test.context.support.DirtiesContextBeforeModesTestExecutionListener@8bd1b6a, org.springframework.test.context.support.DependencyInjectionTestExecutionListener@18be83e4, org.springframework.test.context.support.DirtiesContextTestExecutionListener@cb5822, org.springframework.test.context.transaction.TransactionalTestExecutionListener@4b9e13df, org.springframework.test.context.jdbc.SqlScriptsTestExecutionListener@2b98378d]
2020-08-14 15:26:53,540 INFO [org.springframework.beans.factory.xml.XmlBeanDefinitionReader] - Loading XML bean definitions from class path resource [spring-context.xml]
2020-08-14 15:26:53,697 INFO [org.springframework.beans.factory.xml.XmlBeanDefinitionReader] - Loading XML bean definitions from class path resource [spring-context-druid.xml]
2020-08-14 15:26:53,728 INFO [org.springframework.beans.factory.xml.XmlBeanDefinitionReader] - Loading XML bean definitions from class path resource [spring-context-mybatis.xml]
2020-08-14 15:26:53,743 INFO [org.springframework.context.support.GenericApplicationContext] - Refreshing org.springframework.context.support.GenericApplicationContext@192b07fd: startup date [Fri Aug 14 15:26:53 CST 2020]; root of context hierarchy
2020-08-14 15:26:54,361 INFO [com.alibaba.druid.pool.DruidDataSource] - {dataSource-1} inited
2020-08-14 15:26:54,658 INFO [org.springframework.context.support.GenericApplicationContext] - Closing org.springframework.context.support.GenericApplicationContext@192b07fd: startup date [Fri Aug 14 15:26:53 CST 2020]; root of context hierarchy
2020-08-14 15:26:54,658 INFO [com.alibaba.druid.pool.DruidDataSource] - {dataSource-1} closed
2020-08-14 15:27:26,554 INFO [org.springframework.test.context.support.DefaultTestContextBootstrapper] - Loaded default TestExecutionListener class names from location [META-INF/spring.factories]: [org.springframework.test.context.web.ServletTestExecutionListener, org.springframework.test.context.support.DirtiesContextBeforeModesTestExecutionListener, org.springframework.test.context.support.DependencyInjectionTestExecutionListener, org.springframework.test.context.support.DirtiesContextTestExecutionListener, org.springframework.test.context.transaction.TransactionalTestExecutionListener, org.springframework.test.context.jdbc.SqlScriptsTestExecutionListener]
2020-08-14 15:27:26,569 INFO [org.springframework.test.context.support.DefaultTestContextBootstrapper] - Using TestExecutionListeners: [org.springframework.test.context.web.ServletTestExecutionListener@55f3ddb1, org.springframework.test.context.support.DirtiesContextBeforeModesTestExecutionListener@8bd1b6a, org.springframework.test.context.support.DependencyInjectionTestExecutionListener@18be83e4, org.springframework.test.context.support.DirtiesContextTestExecutionListener@cb5822, org.springframework.test.context.transaction.TransactionalTestExecutionListener@4b9e13df, org.springframework.test.context.jdbc.SqlScriptsTestExecutionListener@2b98378d]
2020-08-14 15:27:26,633 INFO [org.springframework.beans.factory.xml.XmlBeanDefinitionReader] - Loading XML bean definitions from class path resource [spring-context.xml]
2020-08-14 15:27:26,789 INFO [org.springframework.beans.factory.xml.XmlBeanDefinitionReader] - Loading XML bean definitions from class path resource [spring-context-druid.xml]
2020-08-14 15:27:26,820 INFO [org.springframework.beans.factory.xml.XmlBeanDefinitionReader] - Loading XML bean definitions from class path resource [spring-context-mybatis.xml]
2020-08-14 15:27:26,836 INFO [org.springframework.context.support.GenericApplicationContext] - Refreshing org.springframework.context.support.GenericApplicationContext@192b07fd: startup date [Fri Aug 14 15:27:26 CST 2020]; root of context hierarchy
2020-08-14 15:27:27,441 INFO [com.alibaba.druid.pool.DruidDataSource] - {dataSource-1} inited
2020-08-14 15:27:27,741 INFO [org.springframework.context.support.GenericApplicationContext] - Closing org.springframework.context.support.GenericApplicationContext@192b07fd: startup date [Fri Aug 14 15:27:26 CST 2020]; root of context hierarchy
2020-08-14 15:27:27,756 INFO [com.alibaba.druid.pool.DruidDataSource] - {dataSource-1} closed
2020-08-14 15:32:00,476 INFO [org.springframework.test.context.support.DefaultTestContextBootstrapper] - Loaded default TestExecutionListener class names from location [META-INF/spring.factories]: [org.springframework.test.context.web.ServletTestExecutionListener, org.springframework.test.context.support.DirtiesContextBeforeModesTestExecutionListener, org.springframework.test.context.support.DependencyInjectionTestExecutionListener, org.springframework.test.context.support.DirtiesContextTestExecutionListener, org.springframework.test.context.transaction.TransactionalTestExecutionListener, org.springframework.test.context.jdbc.SqlScriptsTestExecutionListener]
2020-08-14 15:32:00,493 INFO [org.springframework.test.context.support.DefaultTestContextBootstrapper] - Using TestExecutionListeners: [org.springframework.test.context.web.ServletTestExecutionListener@55f3ddb1, org.springframework.test.context.support.DirtiesContextBeforeModesTestExecutionListener@8bd1b6a, org.springframework.test.context.support.DependencyInjectionTestExecutionListener@18be83e4, org.springframework.test.context.support.DirtiesContextTestExecutionListener@cb5822, org.springframework.test.context.transaction.TransactionalTestExecutionListener@4b9e13df, org.springframework.test.context.jdbc.SqlScriptsTestExecutionListener@2b98378d]
2020-08-14 15:32:00,551 INFO [org.springframework.beans.factory.xml.XmlBeanDefinitionReader] - Loading XML bean definitions from class path resource [spring-context.xml]
2020-08-14 15:32:00,709 INFO [org.springframework.beans.factory.xml.XmlBeanDefinitionReader] - Loading XML bean definitions from class path resource [spring-context-druid.xml]
2020-08-14 15:32:00,740 INFO [org.springframework.beans.factory.xml.XmlBeanDefinitionReader] - Loading XML bean definitions from class path resource [spring-context-mybatis.xml]
2020-08-14 15:32:00,758 INFO [org.springframework.context.support.GenericApplicationContext] - Refreshing org.springframework.context.support.GenericApplicationContext@192b07fd: startup date [Fri Aug 14 15:32:00 CST 2020]; root of context hierarchy
2020-08-14 15:32:01,399 INFO [com.alibaba.druid.pool.DruidDataSource] - {dataSource-1} inited
2020-08-14 15:32:01,711 INFO [org.springframework.context.support.GenericApplicationContext] - Closing org.springframework.context.support.GenericApplicationContext@192b07fd: startup date [Fri Aug 14 15:32:00 CST 2020]; root of context hierarchy
2020-08-14 15:32:01,713 INFO [com.alibaba.druid.pool.DruidDataSource] - {dataSource-1} closed
2020-08-14 15:32:34,447 INFO [org.springframework.test.context.support.DefaultTestContextBootstrapper] - Loaded default TestExecutionListener class names from location [META-INF/spring.factories]: [org.springframework.test.context.web.ServletTestExecutionListener, org.springframework.test.context.support.DirtiesContextBeforeModesTestExecutionListener, org.springframework.test.context.support.DependencyInjectionTestExecutionListener, org.springframework.test.context.support.DirtiesContextTestExecutionListener, org.springframework.test.context.transaction.TransactionalTestExecutionListener, org.springframework.test.context.jdbc.SqlScriptsTestExecutionListener]
2020-08-14 15:32:34,460 INFO [org.springframework.test.context.support.DefaultTestContextBootstrapper] - Using TestExecutionListeners: [org.springframework.test.context.web.ServletTestExecutionListener@55f3ddb1, org.springframework.test.context.support.DirtiesContextBeforeModesTestExecutionListener@8bd1b6a, org.springframework.test.context.support.DependencyInjectionTestExecutionListener@18be83e4, org.springframework.test.context.support.DirtiesContextTestExecutionListener@cb5822, org.springframework.test.context.transaction.TransactionalTestExecutionListener@4b9e13df, org.springframework.test.context.jdbc.SqlScriptsTestExecutionListener@2b98378d]
2020-08-14 15:32:34,522 INFO [org.springframework.beans.factory.xml.XmlBeanDefinitionReader] - Loading XML bean definitions from class path resource [spring-context.xml]
2020-08-14 15:32:34,685 INFO [org.springframework.beans.factory.xml.XmlBeanDefinitionReader] - Loading XML bean definitions from class path resource [spring-context-druid.xml]
2020-08-14 15:32:34,711 INFO [org.springframework.beans.factory.xml.XmlBeanDefinitionReader] - Loading XML bean definitions from class path resource [spring-context-mybatis.xml]
2020-08-14 15:32:34,724 INFO [org.springframework.context.support.GenericApplicationContext] - Refreshing org.springframework.context.support.GenericApplicationContext@192b07fd: startup date [Fri Aug 14 15:32:34 CST 2020]; root of context hierarchy
2020-08-14 15:32:35,354 INFO [com.alibaba.druid.pool.DruidDataSource] - {dataSource-1} inited
2020-08-14 15:32:35,657 INFO [org.springframework.context.support.GenericApplicationContext] - Closing org.springframework.context.support.GenericApplicationContext@192b07fd: startup date [Fri Aug 14 15:32:34 CST 2020]; root of context hierarchy
2020-08-14 15:32:35,660 INFO [com.alibaba.druid.pool.DruidDataSource] - {dataSource-1} closed
2020-08-14 15:32:52,785 INFO [org.springframework.test.context.support.DefaultTestContextBootstrapper] - Loaded default TestExecutionListener class names from location [META-INF/spring.factories]: [org.springframework.test.context.web.ServletTestExecutionListener, org.springframework.test.context.support.DirtiesContextBeforeModesTestExecutionListener, org.springframework.test.context.support.DependencyInjectionTestExecutionListener, org.springframework.test.context.support.DirtiesContextTestExecutionListener, org.springframework.test.context.transaction.TransactionalTestExecutionListener, org.springframework.test.context.jdbc.SqlScriptsTestExecutionListener]
2020-08-14 15:32:52,798 INFO [org.springframework.test.context.support.DefaultTestContextBootstrapper] - Using TestExecutionListeners: [org.springframework.test.context.web.ServletTestExecutionListener@55f3ddb1, org.springframework.test.context.support.DirtiesContextBeforeModesTestExecutionListener@8bd1b6a, org.springframework.test.context.support.DependencyInjectionTestExecutionListener@18be83e4, org.springframework.test.context.support.DirtiesContextTestExecutionListener@cb5822, org.springframework.test.context.transaction.TransactionalTestExecutionListener@4b9e13df, org.springframework.test.context.jdbc.SqlScriptsTestExecutionListener@2b98378d]
2020-08-14 15:32:52,863 INFO [org.springframework.beans.factory.xml.XmlBeanDefinitionReader] - Loading XML bean definitions from class path resource [spring-context.xml]
2020-08-14 15:32:53,024 INFO [org.springframework.beans.factory.xml.XmlBeanDefinitionReader] - Loading XML bean definitions from class path resource [spring-context-druid.xml]
2020-08-14 15:32:53,051 INFO [org.springframework.beans.factory.xml.XmlBeanDefinitionReader] - Loading XML bean definitions from class path resource [spring-context-mybatis.xml]
2020-08-14 15:32:53,069 INFO [org.springframework.context.support.GenericApplicationContext] - Refreshing org.springframework.context.support.GenericApplicationContext@192b07fd: startup date [Fri Aug 14 15:32:53 CST 2020]; root of context hierarchy
2020-08-14 15:32:53,732 INFO [com.alibaba.druid.pool.DruidDataSource] - {dataSource-1} inited
2020-08-14 15:32:54,023 INFO [org.springframework.context.support.GenericApplicationContext] - Closing org.springframework.context.support.GenericApplicationContext@192b07fd: startup date [Fri Aug 14 15:32:53 CST 2020]; root of context hierarchy
2020-08-14 15:32:54,026 INFO [com.alibaba.druid.pool.DruidDataSource] - {dataSource-1} closed
2020-08-14 16:34:55,114 INFO [org.springframework.test.context.support.DefaultTestContextBootstrapper] - Loaded default TestExecutionListener class names from location [META-INF/spring.factories]: [org.springframework.test.context.web.ServletTestExecutionListener, org.springframework.test.context.support.DirtiesContextBeforeModesTestExecutionListener, org.springframework.test.context.support.DependencyInjectionTestExecutionListener, org.springframework.test.context.support.DirtiesContextTestExecutionListener, org.springframework.test.context.transaction.TransactionalTestExecutionListener, org.springframework.test.context.jdbc.SqlScriptsTestExecutionListener]
2020-08-14 16:34:55,128 INFO [org.springframework.test.context.support.DefaultTestContextBootstrapper] - Using TestExecutionListeners: [org.springframework.test.context.web.ServletTestExecutionListener@55f3ddb1, org.springframework.test.context.support.DirtiesContextBeforeModesTestExecutionListener@8bd1b6a, org.springframework.test.context.support.DependencyInjectionTestExecutionListener@18be83e4, org.springframework.test.context.support.DirtiesContextTestExecutionListener@cb5822, org.springframework.test.context.transaction.TransactionalTestExecutionListener@4b9e13df, org.springframework.test.context.jdbc.SqlScriptsTestExecutionListener@2b98378d]
2020-08-14 16:34:55,187 INFO [org.springframework.beans.factory.xml.XmlBeanDefinitionReader] - Loading XML bean definitions from class path resource [spring-context.xml]
2020-08-14 16:34:55,377 INFO [org.springframework.beans.factory.xml.XmlBeanDefinitionReader] - Loading XML bean definitions from class path resource [spring-context-druid.xml]
2020-08-14 16:34:55,411 INFO [org.springframework.beans.factory.xml.XmlBeanDefinitionReader] - Loading XML bean definitions from class path resource [spring-context-mybatis.xml]
2020-08-14 16:34:55,431 INFO [org.springframework.context.support.GenericApplicationContext] - Refreshing org.springframework.context.support.GenericApplicationContext@192b07fd: startup date [Fri Aug 14 16:34:55 CST 2020]; root of context hierarchy
2020-08-14 16:34:56,173 INFO [com.alibaba.druid.pool.DruidDataSource] - {dataSource-1} inited
2020-08-14 16:34:56,507 INFO [org.springframework.context.support.GenericApplicationContext] - Closing org.springframework.context.support.GenericApplicationContext@192b07fd: startup date [Fri Aug 14 16:34:55 CST 2020]; root of context hierarchy
2020-08-14 16:34:56,510 INFO [com.alibaba.druid.pool.DruidDataSource] - {dataSource-1} closed
